<?xml version="1.0" encoding="UTF-8"?>
<testng-results ignored="0" total="1" passed="1" failed="0" skipped="0">
  <reporter-output>
  </reporter-output>
  <suite started-at="2025-01-04T16:01:08 IST" name="Default suite" finished-at="2025-01-04T16:01:33 IST" duration-ms="25079">
    <groups>
    </groups>
    <test started-at="2025-01-04T16:01:08 IST" name="Default test" finished-at="2025-01-04T16:01:33 IST" duration-ms="25079">
      <class name="learning.automation.lession_1">
        <test-method signature="function_1()[pri:0, instance:learning.automation.lession_1@56de5251]" started-at="2025-01-04T16:01:08 IST" name="function_1" finished-at="2025-01-04T16:01:33 IST" duration-ms="24747" status="PASS">
          <reporter-output>
          </reporter-output>
        </test-method> <!-- function_1 -->
      </class> <!-- learning.automation.lession_1 -->
    </test> <!-- Default test -->
  </suite> <!-- Default suite -->
</testng-results>
